<testsuites id="" name="" tests="5" failures="0" skipped="0" errors="0" time="17.517771">
<testsuite name="AzureDevopsPractise1.spec.ts" timestamp="2025-10-02T12:38:33.353Z" hostname="firefox" tests="5" failures="0" skipped="0" time="13.011" errors="0">
<testcase name="Verify Login Successfully 1" classname="AzureDevopsPractise1.spec.ts" time="4.546">
<system-out>
<![CDATA[Starting Practise 1..
Ending Practise 1..
]]>
</system-out>
</testcase>
<testcase name="Verify Login Successfully 2" classname="AzureDevopsPractise1.spec.ts" time="2.008">
<system-out>
<![CDATA[Starting Practise 2..
Ending Practise 2..
]]>
</system-out>
</testcase>
<testcase name="Verify Login Successfully 3" classname="AzureDevopsPractise1.spec.ts" time="2.022">
<system-out>
<![CDATA[Starting Practise 3..
Ending Practise 3..
]]>
</system-out>
</testcase>
<testcase name="Verify Login Successfully 4" classname="AzureDevopsPractise1.spec.ts" time="2.055">
<system-out>
<![CDATA[Starting Practise 4..
Ending Practise 4..
]]>
</system-out>
</testcase>
<testcase name="Verify Login Successfully 5" classname="AzureDevopsPractise1.spec.ts" time="2.38">
<system-out>
<![CDATA[Starting Practise 5..
Ending Practise 5..
]]>
</system-out>
</testcase>
</testsuite>
</testsuites>